[main] INFO  com.HostelMS.App  - 		---------------------------- Hostel Management System -----------------------------
  [main] INFO  com.HostelMS.App  - -> Press 1 to Register
->Press 2 to LOGIN
  [main] INFO  com.HostelMS.App  - 		---------------------------- Hostel Management System -----------------------------
  [main] INFO  com.HostelMS.App  - -> Press 1 to Register
 -> Press 2 to LOGIN
  [main] INFO  com.HostelMS.App  - 		---------------------------- Hostel Management System -----------------------------
  [main] INFO  com.HostelMS.App  - -> Press 1 to Register
   -> Press 2 to LOGIN
  [main] INFO  com.HostelMS.App  - 		---------------------------- Hostel Management System -----------------------------
  [main] INFO  com.HostelMS.App  - -> Press 1 to Register
  -> Press 2 to LOGIN
  [main] INFO  com.HostelMS.App  - Here you can Register
  [main] INFO  com.HostelMS.App  - Enter the Name : 
  [main] INFO  com.HostelMS.App  - Enter the Password : 
  [main] INFO  com.HostelMS.App  - Enter the Phone Number : 
  [main] INFO  com.HostelMS.App  - Enter the Address : 
  [main] DEBUG org.jboss.logging  - Logging Provider: org.jboss.logging.Log4jLoggerProvider
  [main] INFO  org.hibernate.Version  - HHH000412: Hibernate ORM core version 5.6.11.Final
  [main] INFO  org.hibernate.annotations.common.Version  - HCANN000001: Hibernate Commons Annotations {5.1.2.Final}
  [main] WARN  org.hibernate.orm.connections.pooling  - HHH10001002: Using Hibernate built-in connection pool (not for production use!)
  [main] INFO  org.hibernate.orm.connections.pooling  - HHH10001005: using driver [com.mysql.cj.jdbc.Driver] at URL [jdbc:mysql://localhost:3306/HostelManagement]
  [main] INFO  org.hibernate.orm.connections.pooling  - HHH10001001: Connection properties: {password=****, user=root}
  [main] INFO  org.hibernate.orm.connections.pooling  - HHH10001003: Autocommit mode: false
  [main] INFO  org.hibernate.engine.jdbc.connections.internal.DriverManagerConnectionProviderImpl  - HHH000115: Hibernate connection pool size: 20 (min=1)
  [main] WARN  org.hibernate.engine.jdbc.env.internal.JdbcEnvironmentInitiator  - HHH000342: Could not obtain connection to query metadata
  java.lang.IllegalStateException: Cannot get a connection as the driver manager is not properly initialized
	at org.hibernate.engine.jdbc.connections.internal.DriverManagerConnectionProviderImpl.getConnection(DriverManagerConnectionProviderImpl.java:220)
	at org.hibernate.engine.jdbc.env.internal.JdbcEnvironmentInitiator$ConnectionProviderJdbcConnectionAccess.obtainConnection(JdbcEnvironmentInitiator.java:181)
	at org.hibernate.engine.jdbc.env.internal.JdbcEnvironmentInitiator.initiateService(JdbcEnvironmentInitiator.java:68)
	at org.hibernate.engine.jdbc.env.internal.JdbcEnvironmentInitiator.initiateService(JdbcEnvironmentInitiator.java:35)
	at org.hibernate.boot.registry.internal.StandardServiceRegistryImpl.initiateService(StandardServiceRegistryImpl.java:101)
	at org.hibernate.service.internal.AbstractServiceRegistryImpl.createService(AbstractServiceRegistryImpl.java:263)
	at org.hibernate.service.internal.AbstractServiceRegistryImpl.initializeService(AbstractServiceRegistryImpl.java:237)
	at org.hibernate.service.internal.AbstractServiceRegistryImpl.getService(AbstractServiceRegistryImpl.java:214)
	at org.hibernate.engine.jdbc.internal.JdbcServicesImpl.configure(JdbcServicesImpl.java:51)
	at org.hibernate.boot.registry.internal.StandardServiceRegistryImpl.configureService(StandardServiceRegistryImpl.java:107)
	at org.hibernate.service.internal.AbstractServiceRegistryImpl.initializeService(AbstractServiceRegistryImpl.java:246)
	at org.hibernate.service.internal.AbstractServiceRegistryImpl.getService(AbstractServiceRegistryImpl.java:214)
	at org.hibernate.engine.jdbc.connections.internal.BasicConnectionCreator.convertSqlException(BasicConnectionCreator.java:129)
	at org.hibernate.engine.jdbc.connections.internal.DriverConnectionCreator.makeConnection(DriverConnectionCreator.java:42)
	at org.hibernate.engine.jdbc.connections.internal.BasicConnectionCreator.createConnection(BasicConnectionCreator.java:62)
	at org.hibernate.engine.jdbc.connections.internal.DriverManagerConnectionProviderImpl$PooledConnections.addConnections(DriverManagerConnectionProviderImpl.java:457)
	at org.hibernate.engine.jdbc.connections.internal.DriverManagerConnectionProviderImpl$PooledConnections.<init>(DriverManagerConnectionProviderImpl.java:323)
	at org.hibernate.engine.jdbc.connections.internal.DriverManagerConnectionProviderImpl$PooledConnections.<init>(DriverManagerConnectionProviderImpl.java:297)
	at org.hibernate.engine.jdbc.connections.internal.DriverManagerConnectionProviderImpl$PooledConnections$Builder.build(DriverManagerConnectionProviderImpl.java:501)
	at org.hibernate.engine.jdbc.connections.internal.DriverManagerConnectionProviderImpl.buildPool(DriverManagerConnectionProviderImpl.java:101)
	at org.hibernate.engine.jdbc.connections.internal.DriverManagerConnectionProviderImpl.configure(DriverManagerConnectionProviderImpl.java:76)
	at org.hibernate.boot.registry.internal.StandardServiceRegistryImpl.configureService(StandardServiceRegistryImpl.java:107)
	at org.hibernate.service.internal.AbstractServiceRegistryImpl.initializeService(AbstractServiceRegistryImpl.java:246)
	at org.hibernate.service.internal.AbstractServiceRegistryImpl.getService(AbstractServiceRegistryImpl.java:214)
	at org.hibernate.engine.jdbc.env.internal.JdbcEnvironmentInitiator.buildJdbcConnectionAccess(JdbcEnvironmentInitiator.java:146)
	at org.hibernate.engine.jdbc.env.internal.JdbcEnvironmentInitiator.initiateService(JdbcEnvironmentInitiator.java:66)
	at org.hibernate.engine.jdbc.env.internal.JdbcEnvironmentInitiator.initiateService(JdbcEnvironmentInitiator.java:35)
	at org.hibernate.boot.registry.internal.StandardServiceRegistryImpl.initiateService(StandardServiceRegistryImpl.java:101)
	at org.hibernate.service.internal.AbstractServiceRegistryImpl.createService(AbstractServiceRegistryImpl.java:263)
	at org.hibernate.service.internal.AbstractServiceRegistryImpl.initializeService(AbstractServiceRegistryImpl.java:237)
	at org.hibernate.service.internal.AbstractServiceRegistryImpl.getService(AbstractServiceRegistryImpl.java:214)
	at org.hibernate.id.factory.internal.DefaultIdentifierGeneratorFactory.injectServices(DefaultIdentifierGeneratorFactory.java:175)
	at org.hibernate.service.internal.AbstractServiceRegistryImpl.injectDependencies(AbstractServiceRegistryImpl.java:286)
	at org.hibernate.service.internal.AbstractServiceRegistryImpl.initializeService(AbstractServiceRegistryImpl.java:243)
	at org.hibernate.service.internal.AbstractServiceRegistryImpl.getService(AbstractServiceRegistryImpl.java:214)
	at org.hibernate.boot.internal.InFlightMetadataCollectorImpl.<init>(InFlightMetadataCollectorImpl.java:173)
	at org.hibernate.boot.model.process.spi.MetadataBuildingProcess.complete(MetadataBuildingProcess.java:127)
	at org.hibernate.boot.model.process.spi.MetadataBuildingProcess.build(MetadataBuildingProcess.java:86)
	at org.hibernate.boot.internal.MetadataBuilderImpl.build(MetadataBuilderImpl.java:479)
	at org.hibernate.boot.internal.MetadataBuilderImpl.build(MetadataBuilderImpl.java:85)
	at org.hibernate.cfg.Configuration.buildSessionFactory(Configuration.java:709)
	at org.hibernate.cfg.Configuration.buildSessionFactory(Configuration.java:746)
	at com.HostelMS.config.HibernateUtil.getSessionFactory(HibernateUtil.java:32)
	at com.HostelMS.config.HibernateUtil.getSession(HibernateUtil.java:46)
	at com.HostelMS.daoImp.HostelDaoImp.registration(HostelDaoImp.java:13)
	at com.HostelMS.serviceImp.LoginRegisterImp.register(LoginRegisterImp.java:39)
	at com.HostelMS.App.main(App.java:27)
[main] INFO  org.hibernate.dialect.Dialect  - HHH000400: Using dialect: org.hibernate.dialect.MySQL5Dialect
  [main] WARN  org.hibernate.engine.jdbc.spi.SqlExceptionHelper  - SQL Error: 1049, SQLState: 42000
  [main] ERROR org.hibernate.engine.jdbc.spi.SqlExceptionHelper  - Unknown database 'hostelmanagement'
  [main] INFO  com.HostelMS.App  - Somthing went wrong
  [main] INFO  com.HostelMS.App  - 		---------------------------- Hostel Management System -----------------------------
  [main] INFO  com.HostelMS.App  - -> Press 1 to Register
  -> Press 2 to LOGIN
  [main] INFO  com.HostelMS.App  - Here you can Register
  [main] INFO  com.HostelMS.App  - Enter the Name : 
  [main] INFO  com.HostelMS.App  - Enter the Password : 
  [main] INFO  com.HostelMS.App  - Enter the Phone Number : 
  [main] INFO  com.HostelMS.App  - Enter the Address : 
  [main] DEBUG org.jboss.logging  - Logging Provider: org.jboss.logging.Log4jLoggerProvider
  [main] INFO  org.hibernate.Version  - HHH000412: Hibernate ORM core version 5.6.11.Final
  [main] INFO  org.hibernate.annotations.common.Version  - HCANN000001: Hibernate Commons Annotations {5.1.2.Final}
  [main] WARN  org.hibernate.orm.connections.pooling  - HHH10001002: Using Hibernate built-in connection pool (not for production use!)
  [main] INFO  org.hibernate.orm.connections.pooling  - HHH10001005: using driver [com.mysql.cj.jdbc.Driver] at URL [jdbc:mysql://localhost:3306/HostelMS]
  [main] INFO  org.hibernate.orm.connections.pooling  - HHH10001001: Connection properties: {password=****, user=root}
  [main] INFO  org.hibernate.orm.connections.pooling  - HHH10001003: Autocommit mode: false
  [main] INFO  org.hibernate.engine.jdbc.connections.internal.DriverManagerConnectionProviderImpl  - HHH000115: Hibernate connection pool size: 20 (min=1)
  [main] INFO  org.hibernate.dialect.Dialect  - HHH000400: Using dialect: org.hibernate.dialect.MySQL5Dialect
  [main] INFO  org.hibernate.orm.connections.access  - HHH10001501: Connection obtained from JdbcConnectionAccess [org.hibernate.engine.jdbc.env.internal.JdbcEnvironmentInitiator$ConnectionProviderJdbcConnectionAccess@16a9eb2e] for (non-JTA) DDL execution was not in auto-commit mode; the Connection 'local transaction' will be committed and the Connection will be set into auto-commit mode.
  [main] INFO  com.HostelMS.App  - Registration Successful
  [main] INFO  com.HostelMS.App  - 		---------------------------- Hostel Management System -----------------------------
  [main] INFO  com.HostelMS.App  - -> Press 1 to Register
  -> Press 2 to LOGIN
  [main] INFO  com.HostelMS.App  - Here you can Register
  [main] INFO  com.HostelMS.App  - Enter the Name : 
  [main] INFO  com.HostelMS.App  - Enter the Password : 
  [main] INFO  com.HostelMS.App  - Enter the Phone Number : 
  [main] INFO  com.HostelMS.App  - Enter the Address : 
  [main] INFO  com.HostelMS.App  - 		---------------------------- Hostel Management System -----------------------------
  [main] INFO  com.HostelMS.App  - -> Press 1 to Register
  -> Press 2 to LOGIN
  [main] INFO  com.HostelMS.App  - Here you can Register
  [main] INFO  com.HostelMS.App  - Enter the Name : 
  [main] INFO  com.HostelMS.App  - Enter the Password : 
  [main] INFO  com.HostelMS.App  - Enter the Phone Number : 
  [main] INFO  com.HostelMS.App  - Enter the Address : 
  [main] INFO  com.HostelMS.App  - 		---------------------------- Hostel Management System -----------------------------
  [main] INFO  com.HostelMS.App  - -> Press 1 to Register
  -> Press 2 to LOGIN
  [main] INFO  com.HostelMS.App  - Here you can Register
  [main] INFO  com.HostelMS.App  - Enter the Name : 
  [main] INFO  com.HostelMS.App  - Enter the Password : 
  [main] INFO  com.HostelMS.App  - Enter the Phone Number : 
  [main] INFO  com.HostelMS.App  - Enter the Address : 
  [main] INFO  com.HostelMS.App  - 		---------------------------- Hostel Management System -----------------------------
  [main] INFO  com.HostelMS.App  - -> Press 1 to Register
  -> Press 2 to LOGIN
  [main] INFO  com.HostelMS.App  - Here you can Register
  [main] INFO  com.HostelMS.App  - Enter the Name : 
  [main] INFO  com.HostelMS.App  - Enter the Password : 
  [main] INFO  com.HostelMS.App  - Enter the Phone Number : 
  [main] INFO  com.HostelMS.App  - Enter the Address : 
  [main] DEBUG org.jboss.logging  - Logging Provider: org.jboss.logging.Log4jLoggerProvider
  [main] INFO  org.hibernate.Version  - HHH000412: Hibernate ORM core version 5.6.11.Final
  [main] INFO  org.hibernate.annotations.common.Version  - HCANN000001: Hibernate Commons Annotations {5.1.2.Final}
  [main] WARN  org.hibernate.orm.connections.pooling  - HHH10001002: Using Hibernate built-in connection pool (not for production use!)
  [main] INFO  org.hibernate.orm.connections.pooling  - HHH10001005: using driver [com.mysql.cj.jdbc.Driver] at URL [jdbc:mysql://localhost:3306/HostelMS]
  [main] INFO  org.hibernate.orm.connections.pooling  - HHH10001001: Connection properties: {password=****, user=root}
  [main] INFO  org.hibernate.orm.connections.pooling  - HHH10001003: Autocommit mode: false
  [main] INFO  org.hibernate.engine.jdbc.connections.internal.DriverManagerConnectionProviderImpl  - HHH000115: Hibernate connection pool size: 20 (min=1)
  [main] INFO  org.hibernate.dialect.Dialect  - HHH000400: Using dialect: org.hibernate.dialect.MySQL5Dialect
  [main] INFO  org.hibernate.orm.connections.access  - HHH10001501: Connection obtained from JdbcConnectionAccess [org.hibernate.engine.jdbc.env.internal.JdbcEnvironmentInitiator$ConnectionProviderJdbcConnectionAccess@16a9eb2e] for (non-JTA) DDL execution was not in auto-commit mode; the Connection 'local transaction' will be committed and the Connection will be set into auto-commit mode.
  [main] INFO  com.HostelMS.App  - 		---------------------------- Hostel Management System -----------------------------
  [main] INFO  com.HostelMS.App  - -> Press 1 to Register
  -> Press 2 to LOGIN
  [main] INFO  com.HostelMS.App  - Here you can Register
  [main] INFO  com.HostelMS.App  - Enter the Name : 
  [main] INFO  com.HostelMS.App  - Enter the Password : 
  [main] INFO  com.HostelMS.App  - Enter the Phone Number : 
  [main] INFO  com.HostelMS.App  - Enter the Address : 
  [main] DEBUG org.jboss.logging  - Logging Provider: org.jboss.logging.Log4jLoggerProvider
  [main] INFO  org.hibernate.Version  - HHH000412: Hibernate ORM core version 5.6.11.Final
  [main] INFO  org.hibernate.annotations.common.Version  - HCANN000001: Hibernate Commons Annotations {5.1.2.Final}
  [main] WARN  org.hibernate.orm.connections.pooling  - HHH10001002: Using Hibernate built-in connection pool (not for production use!)
  [main] INFO  org.hibernate.orm.connections.pooling  - HHH10001005: using driver [com.mysql.cj.jdbc.Driver] at URL [jdbc:mysql://localhost:3306/HostelMS]
  [main] INFO  org.hibernate.orm.connections.pooling  - HHH10001001: Connection properties: {password=****, user=root}
  [main] INFO  org.hibernate.orm.connections.pooling  - HHH10001003: Autocommit mode: false
  [main] INFO  org.hibernate.engine.jdbc.connections.internal.DriverManagerConnectionProviderImpl  - HHH000115: Hibernate connection pool size: 20 (min=1)
  [main] INFO  org.hibernate.dialect.Dialect  - HHH000400: Using dialect: org.hibernate.dialect.MySQL5Dialect
  [main] INFO  org.hibernate.orm.connections.access  - HHH10001501: Connection obtained from JdbcConnectionAccess [org.hibernate.engine.jdbc.env.internal.JdbcEnvironmentInitiator$ConnectionProviderJdbcConnectionAccess@16a9eb2e] for (non-JTA) DDL execution was not in auto-commit mode; the Connection 'local transaction' will be committed and the Connection will be set into auto-commit mode.
  [main] INFO  com.HostelMS.App  - Registration Successful
  [main] INFO  com.HostelMS.App  - 		---------------------------- Hostel Management System -----------------------------
  [main] INFO  com.HostelMS.App  - -> Press 1 to Register
  -> Press 2 to LOGIN
  [main] INFO  com.HostelMS.App  - Here you can Register
  [main] INFO  com.HostelMS.App  - Enter the Name : 
  [main] INFO  com.HostelMS.App  - Enter the Password : 
  [main] INFO  com.HostelMS.App  - Enter the Phone Number : 
  [main] INFO  com.HostelMS.App  - Enter the Address : 
  [main] DEBUG org.jboss.logging  - Logging Provider: org.jboss.logging.Log4jLoggerProvider
  [main] INFO  org.hibernate.Version  - HHH000412: Hibernate ORM core version 5.6.11.Final
  [main] INFO  org.hibernate.annotations.common.Version  - HCANN000001: Hibernate Commons Annotations {5.1.2.Final}
  [main] WARN  org.hibernate.orm.connections.pooling  - HHH10001002: Using Hibernate built-in connection pool (not for production use!)
  [main] INFO  org.hibernate.orm.connections.pooling  - HHH10001005: using driver [com.mysql.cj.jdbc.Driver] at URL [jdbc:mysql://localhost:3306/HostelMS]
  [main] INFO  org.hibernate.orm.connections.pooling  - HHH10001001: Connection properties: {password=****, user=root}
  [main] INFO  org.hibernate.orm.connections.pooling  - HHH10001003: Autocommit mode: false
  [main] INFO  org.hibernate.engine.jdbc.connections.internal.DriverManagerConnectionProviderImpl  - HHH000115: Hibernate connection pool size: 20 (min=1)
  [main] INFO  org.hibernate.dialect.Dialect  - HHH000400: Using dialect: org.hibernate.dialect.MySQL5Dialect
  [main] INFO  org.hibernate.orm.connections.access  - HHH10001501: Connection obtained from JdbcConnectionAccess [org.hibernate.engine.jdbc.env.internal.JdbcEnvironmentInitiator$ConnectionProviderJdbcConnectionAccess@16a9eb2e] for (non-JTA) DDL execution was not in auto-commit mode; the Connection 'local transaction' will be committed and the Connection will be set into auto-commit mode.
  [main] INFO  com.HostelMS.App  - Registration Successful
  [main] INFO  com.HostelMS.App  - 		---------------------------- Hostel Management System -----------------------------
  [main] INFO  com.HostelMS.App  - -> Press 1 to Register
  -> Press 2 to LOGIN
  [main] INFO  com.HostelMS.App  - Here you can login
  [main] INFO  com.HostelMS.App  - Enter User Name
  [main] INFO  com.HostelMS.App  - Enter Password
  [main] DEBUG org.jboss.logging  - Logging Provider: org.jboss.logging.Log4jLoggerProvider
  [main] INFO  org.hibernate.Version  - HHH000412: Hibernate ORM core version 5.6.11.Final
  [main] INFO  org.hibernate.annotations.common.Version  - HCANN000001: Hibernate Commons Annotations {5.1.2.Final}
  [main] WARN  org.hibernate.orm.connections.pooling  - HHH10001002: Using Hibernate built-in connection pool (not for production use!)
  [main] INFO  org.hibernate.orm.connections.pooling  - HHH10001005: using driver [com.mysql.cj.jdbc.Driver] at URL [jdbc:mysql://localhost:3306/HostelMS]
  [main] INFO  org.hibernate.orm.connections.pooling  - HHH10001001: Connection properties: {password=****, user=root}
  [main] INFO  org.hibernate.orm.connections.pooling  - HHH10001003: Autocommit mode: false
  [main] INFO  org.hibernate.engine.jdbc.connections.internal.DriverManagerConnectionProviderImpl  - HHH000115: Hibernate connection pool size: 20 (min=1)
  [main] INFO  org.hibernate.dialect.Dialect  - HHH000400: Using dialect: org.hibernate.dialect.MySQL5Dialect
  [main] INFO  org.hibernate.orm.connections.access  - HHH10001501: Connection obtained from JdbcConnectionAccess [org.hibernate.engine.jdbc.env.internal.JdbcEnvironmentInitiator$ConnectionProviderJdbcConnectionAccess@16a9eb2e] for (non-JTA) DDL execution was not in auto-commit mode; the Connection 'local transaction' will be committed and the Connection will be set into auto-commit mode.
  [main] INFO  com.HostelMS.App  - Hey Rupa you have logged in successfully 
User(userID=1, userName=Rupa, userPhone=9667280356, userPassword=2454, userAddress=Faridabad, userRole=Student, userFee=0, userRoom=null)
  